{"/home/sneek-walnut/available-study-space-system/backend/migrations/20250404002215_create_rooms_table.ts": {"path":"/home/sneek-walnut/available-study-space-system/backend/migrations/20250404002215_create_rooms_table.ts","statementMap":{"0":{"start":{"line":10,"column":0},"end":{"line":10,"column":22}},"1":{"start":{"line":28,"column":0},"end":{"line":28,"column":22}},"2":{"start":{"line":11,"column":2},"end":{"line":20,"column":5}},"3":{"start":{"line":12,"column":4},"end":{"line":12,"column":42}},"4":{"start":{"line":13,"column":4},"end":{"line":13,"column":41}},"5":{"start":{"line":14,"column":4},"end":{"line":14,"column":44}},"6":{"start":{"line":15,"column":4},"end":{"line":15,"column":44}},"7":{"start":{"line":16,"column":4},"end":{"line":16,"column":46}},"8":{"start":{"line":17,"column":4},"end":{"line":17,"column":38}},"9":{"start":{"line":18,"column":4},"end":{"line":18,"column":59}},"10":{"start":{"line":19,"column":4},"end":{"line":19,"column":59}},"11":{"start":{"line":29,"column":2},"end":{"line":29,"column":40}}},"fnMap":{"0":{"name":"up","decl":{"start":{"line":10,"column":22},"end":{"line":10,"column":24}},"loc":{"start":{"line":10,"column":35},"end":{"line":21,"column":2}}},"1":{"name":"(anonymous_9)","decl":{"start":{"line":11,"column":42},"end":{"line":11,"column":52}},"loc":{"start":{"line":11,"column":57},"end":{"line":20,"column":3}}},"2":{"name":"down","decl":{"start":{"line":28,"column":22},"end":{"line":28,"column":26}},"loc":{"start":{"line":28,"column":37},"end":{"line":30,"column":2}}}},"branchMap":{},"s":{"0":1,"1":1,"2":1,"3":1,"4":1,"5":1,"6":1,"7":1,"8":1,"9":1,"10":1,"11":0},"f":{"0":1,"1":1,"2":0},"b":{}}
,"/home/sneek-walnut/available-study-space-system/backend/migrations/20250409011956_create_buildings_table.ts": {"path":"/home/sneek-walnut/available-study-space-system/backend/migrations/20250409011956_create_buildings_table.ts","statementMap":{"0":{"start":{"line":9,"column":0},"end":{"line":9,"column":22}},"1":{"start":{"line":26,"column":0},"end":{"line":26,"column":22}},"2":{"start":{"line":10,"column":2},"end":{"line":15,"column":5}},"3":{"start":{"line":11,"column":4},"end":{"line":11,"column":46}},"4":{"start":{"line":12,"column":4},"end":{"line":12,"column":48}},"5":{"start":{"line":13,"column":4},"end":{"line":13,"column":59}},"6":{"start":{"line":14,"column":4},"end":{"line":14,"column":59}},"7":{"start":{"line":27,"column":2},"end":{"line":27,"column":43}}},"fnMap":{"0":{"name":"up","decl":{"start":{"line":9,"column":22},"end":{"line":9,"column":24}},"loc":{"start":{"line":9,"column":35},"end":{"line":16,"column":2}}},"1":{"name":"(anonymous_9)","decl":{"start":{"line":10,"column":45},"end":{"line":10,"column":55}},"loc":{"start":{"line":10,"column":60},"end":{"line":15,"column":3}}},"2":{"name":"down","decl":{"start":{"line":26,"column":22},"end":{"line":26,"column":26}},"loc":{"start":{"line":26,"column":37},"end":{"line":28,"column":2}}}},"branchMap":{},"s":{"0":1,"1":1,"2":1,"3":1,"4":1,"5":1,"6":1,"7":0},"f":{"0":1,"1":1,"2":0},"b":{}}
,"/home/sneek-walnut/available-study-space-system/backend/migrations/20250411210857_create_buildings_rooms_table.ts": {"path":"/home/sneek-walnut/available-study-space-system/backend/migrations/20250411210857_create_buildings_rooms_table.ts","statementMap":{"0":{"start":{"line":9,"column":0},"end":{"line":9,"column":22}},"1":{"start":{"line":30,"column":0},"end":{"line":30,"column":22}},"2":{"start":{"line":10,"column":4},"end":{"line":21,"column":7}},"3":{"start":{"line":11,"column":8},"end":{"line":11,"column":55}},"4":{"start":{"line":12,"column":8},"end":{"line":12,"column":62}},"5":{"start":{"line":13,"column":8},"end":{"line":13,"column":58}},"6":{"start":{"line":16,"column":8},"end":{"line":16,"column":104}},"7":{"start":{"line":17,"column":8},"end":{"line":17,"column":92}},"8":{"start":{"line":19,"column":8},"end":{"line":19,"column":63}},"9":{"start":{"line":20,"column":8},"end":{"line":20,"column":63}},"10":{"start":{"line":31,"column":4},"end":{"line":31,"column":51}}},"fnMap":{"0":{"name":"up","decl":{"start":{"line":9,"column":22},"end":{"line":9,"column":24}},"loc":{"start":{"line":9,"column":35},"end":{"line":22,"column":2}}},"1":{"name":"(anonymous_9)","decl":{"start":{"line":10,"column":53},"end":{"line":10,"column":63}},"loc":{"start":{"line":10,"column":68},"end":{"line":21,"column":5}}},"2":{"name":"down","decl":{"start":{"line":30,"column":22},"end":{"line":30,"column":26}},"loc":{"start":{"line":30,"column":37},"end":{"line":32,"column":2}}}},"branchMap":{},"s":{"0":1,"1":1,"2":1,"3":1,"4":1,"5":1,"6":1,"7":1,"8":1,"9":1,"10":0},"f":{"0":1,"1":1,"2":0},"b":{}}
,"/home/sneek-walnut/available-study-space-system/backend/migrations/20250411224746_create_occupancy_logs_table.ts": {"path":"/home/sneek-walnut/available-study-space-system/backend/migrations/20250411224746_create_occupancy_logs_table.ts","statementMap":{"0":{"start":{"line":9,"column":0},"end":{"line":9,"column":22}},"1":{"start":{"line":29,"column":0},"end":{"line":29,"column":22}},"2":{"start":{"line":10,"column":2},"end":{"line":21,"column":5}},"3":{"start":{"line":11,"column":4},"end":{"line":11,"column":41}},"4":{"start":{"line":12,"column":4},"end":{"line":12,"column":54}},"5":{"start":{"line":13,"column":4},"end":{"line":13,"column":52}},"6":{"start":{"line":14,"column":4},"end":{"line":14,"column":47}},"7":{"start":{"line":17,"column":4},"end":{"line":17,"column":68}},"8":{"start":{"line":19,"column":4},"end":{"line":19,"column":59}},"9":{"start":{"line":20,"column":4},"end":{"line":20,"column":59}},"10":{"start":{"line":30,"column":2},"end":{"line":30,"column":48}}},"fnMap":{"0":{"name":"up","decl":{"start":{"line":9,"column":22},"end":{"line":9,"column":24}},"loc":{"start":{"line":9,"column":35},"end":{"line":22,"column":2}}},"1":{"name":"(anonymous_9)","decl":{"start":{"line":10,"column":50},"end":{"line":10,"column":60}},"loc":{"start":{"line":10,"column":65},"end":{"line":21,"column":3}}},"2":{"name":"down","decl":{"start":{"line":29,"column":22},"end":{"line":29,"column":26}},"loc":{"start":{"line":29,"column":37},"end":{"line":31,"column":2}}}},"branchMap":{},"s":{"0":1,"1":1,"2":1,"3":1,"4":1,"5":1,"6":1,"7":1,"8":1,"9":1,"10":0},"f":{"0":1,"1":1,"2":0},"b":{}}
,"/home/sneek-walnut/available-study-space-system/backend/migrations/20250414233800_create_building_hours_table.ts": {"path":"/home/sneek-walnut/available-study-space-system/backend/migrations/20250414233800_create_building_hours_table.ts","statementMap":{"0":{"start":{"line":9,"column":0},"end":{"line":9,"column":22}},"1":{"start":{"line":31,"column":0},"end":{"line":31,"column":22}},"2":{"start":{"line":10,"column":2},"end":{"line":22,"column":5}},"3":{"start":{"line":11,"column":4},"end":{"line":11,"column":51}},"4":{"start":{"line":12,"column":4},"end":{"line":12,"column":58}},"5":{"start":{"line":13,"column":4},"end":{"line":13,"column":46}},"6":{"start":{"line":14,"column":4},"end":{"line":14,"column":40}},"7":{"start":{"line":15,"column":4},"end":{"line":15,"column":41}},"8":{"start":{"line":18,"column":4},"end":{"line":18,"column":80}},"9":{"start":{"line":20,"column":4},"end":{"line":20,"column":59}},"10":{"start":{"line":21,"column":4},"end":{"line":21,"column":59}},"11":{"start":{"line":32,"column":2},"end":{"line":32,"column":48}}},"fnMap":{"0":{"name":"up","decl":{"start":{"line":9,"column":22},"end":{"line":9,"column":24}},"loc":{"start":{"line":9,"column":35},"end":{"line":23,"column":2}}},"1":{"name":"(anonymous_9)","decl":{"start":{"line":10,"column":50},"end":{"line":10,"column":60}},"loc":{"start":{"line":10,"column":65},"end":{"line":22,"column":3}}},"2":{"name":"down","decl":{"start":{"line":31,"column":22},"end":{"line":31,"column":26}},"loc":{"start":{"line":31,"column":37},"end":{"line":33,"column":2}}}},"branchMap":{},"s":{"0":1,"1":1,"2":1,"3":1,"4":1,"5":1,"6":1,"7":1,"8":1,"9":1,"10":1,"11":0},"f":{"0":1,"1":1,"2":0},"b":{}}
,"/home/sneek-walnut/available-study-space-system/backend/migrations/20250502030044_add_room_pic_urls_to_rooms_table.ts": {"path":"/home/sneek-walnut/available-study-space-system/backend/migrations/20250502030044_add_room_pic_urls_to_rooms_table.ts","statementMap":{"0":{"start":{"line":8,"column":0},"end":{"line":8,"column":22}},"1":{"start":{"line":16,"column":0},"end":{"line":16,"column":22}},"2":{"start":{"line":9,"column":2},"end":{"line":13,"column":5}},"3":{"start":{"line":10,"column":4},"end":{"line":10,"column":44}},"4":{"start":{"line":11,"column":4},"end":{"line":11,"column":48}},"5":{"start":{"line":12,"column":4},"end":{"line":12,"column":46}},"6":{"start":{"line":17,"column":2},"end":{"line":21,"column":5}},"7":{"start":{"line":18,"column":4},"end":{"line":18,"column":37}},"8":{"start":{"line":19,"column":4},"end":{"line":19,"column":41}},"9":{"start":{"line":20,"column":4},"end":{"line":20,"column":39}}},"fnMap":{"0":{"name":"up","decl":{"start":{"line":8,"column":22},"end":{"line":8,"column":24}},"loc":{"start":{"line":8,"column":35},"end":{"line":14,"column":null}}},"1":{"name":"(anonymous_9)","decl":{"start":{"line":9,"column":35},"end":{"line":9,"column":45}},"loc":{"start":{"line":9,"column":50},"end":{"line":13,"column":3}}},"2":{"name":"down","decl":{"start":{"line":16,"column":22},"end":{"line":16,"column":26}},"loc":{"start":{"line":16,"column":37},"end":{"line":22,"column":null}}},"3":{"name":"(anonymous_12)","decl":{"start":{"line":17,"column":35},"end":{"line":17,"column":45}},"loc":{"start":{"line":17,"column":50},"end":{"line":21,"column":3}}}},"branchMap":{},"s":{"0":1,"1":1,"2":1,"3":1,"4":1,"5":1,"6":0,"7":0,"8":0,"9":0},"f":{"0":1,"1":1,"2":0,"3":0},"b":{}}
,"/home/sneek-walnut/available-study-space-system/backend/seeds/seed_test_data.ts": {"path":"/home/sneek-walnut/available-study-space-system/backend/seeds/seed_test_data.ts","statementMap":{"0":{"start":{"line":7,"column":0},"end":{"line":7,"column":22}},"1":{"start":{"line":9,"column":2},"end":{"line":9,"column":37}},"2":{"start":{"line":10,"column":2},"end":{"line":10,"column":37}},"3":{"start":{"line":11,"column":2},"end":{"line":11,"column":38}},"4":{"start":{"line":12,"column":2},"end":{"line":12,"column":28}},"5":{"start":{"line":13,"column":2},"end":{"line":13,"column":32}},"6":{"start":{"line":16,"column":20},"end":{"line":162,"column":4}},"7":{"start":{"line":165,"column":2},"end":{"line":188,"column":3}},"8":{"start":{"line":167,"column":4},"end":{"line":167,"column":78}},"9":{"start":{"line":168,"column":28},"end":{"line":171,"column":14}},"10":{"start":{"line":174,"column":4},"end":{"line":187,"column":5}},"11":{"start":{"line":176,"column":6},"end":{"line":176,"column":39}},"12":{"start":{"line":177,"column":26},"end":{"line":180,"column":16}},"13":{"start":{"line":183,"column":6},"end":{"line":186,"column":9}},"14":{"start":{"line":194,"column":20},"end":{"line":231,"column":4}},"15":{"start":{"line":234,"column":2},"end":{"line":250,"column":3}},"16":{"start":{"line":236,"column":28},"end":{"line":239,"column":14}},"17":{"start":{"line":242,"column":4},"end":{"line":249,"column":5}},"18":{"start":{"line":243,"column":6},"end":{"line":248,"column":9}},"19":{"start":{"line":255,"column":24},"end":{"line":310,"column":4}},"20":{"start":{"line":313,"column":23},"end":{"line":319,"column":null}},"21":{"start":{"line":323,"column":44},"end":{"line":323,"column":46}},"22":{"start":{"line":324,"column":2},"end":{"line":326,"column":5}},"23":{"start":{"line":325,"column":4},"end":{"line":325,"column":57}},"24":{"start":{"line":329,"column":2},"end":{"line":341,"column":3}},"25":{"start":{"line":330,"column":20},"end":{"line":330,"column":70}},"26":{"start":{"line":332,"column":4},"end":{"line":340,"column":5}},"27":{"start":{"line":333,"column":6},"end":{"line":337,"column":9}},"28":{"start":{"line":339,"column":6},"end":{"line":339,"column":85}}},"fnMap":{"0":{"name":"seed","decl":{"start":{"line":7,"column":22},"end":{"line":7,"column":26}},"loc":{"start":{"line":7,"column":37},"end":{"line":342,"column":2}}},"1":{"name":"(anonymous_9)","decl":{"start":{"line":324,"column":23},"end":{"line":324,"column":24}},"loc":{"start":{"line":324,"column":65},"end":{"line":326,"column":3}}}},"branchMap":{"0":{"loc":{"start":{"line":332,"column":4},"end":{"line":340,"column":5}},"type":"if","locations":[{"start":{"line":332,"column":4},"end":{"line":340,"column":5}},{"start":{"line":338,"column":11},"end":{"line":340,"column":5}}]}},"s":{"0":1,"1":1,"2":1,"3":1,"4":1,"5":1,"6":1,"7":1,"8":3,"9":3,"10":3,"11":13,"12":13,"13":13,"14":1,"15":1,"16":3,"17":3,"18":21,"19":1,"20":1,"21":1,"22":1,"23":13,"24":1,"25":9,"26":9,"27":9,"28":0},"f":{"0":1,"1":13},"b":{"0":[9,0]}}
,"/home/sneek-walnut/available-study-space-system/backend/src/study-space/db.ts": {"path":"/home/sneek-walnut/available-study-space-system/backend/src/study-space/db.ts","statementMap":{"0":{"start":{"line":64,"column":0},"end":{"line":64,"column":22}},"1":{"start":{"line":75,"column":0},"end":{"line":75,"column":22}},"2":{"start":{"line":85,"column":0},"end":{"line":85,"column":22}},"3":{"start":{"line":96,"column":0},"end":{"line":96,"column":22}},"4":{"start":{"line":106,"column":0},"end":{"line":106,"column":22}},"5":{"start":{"line":117,"column":0},"end":{"line":117,"column":22}},"6":{"start":{"line":127,"column":0},"end":{"line":127,"column":22}},"7":{"start":{"line":138,"column":0},"end":{"line":138,"column":22}},"8":{"start":{"line":147,"column":0},"end":{"line":147,"column":22}},"9":{"start":{"line":177,"column":0},"end":{"line":177,"column":22}},"10":{"start":{"line":198,"column":0},"end":{"line":198,"column":22}},"11":{"start":{"line":215,"column":0},"end":{"line":215,"column":22}},"12":{"start":{"line":226,"column":0},"end":{"line":226,"column":22}},"13":{"start":{"line":236,"column":0},"end":{"line":236,"column":22}},"14":{"start":{"line":268,"column":0},"end":{"line":268,"column":22}},"15":{"start":{"line":65,"column":19},"end":{"line":69,"column":16}},"16":{"start":{"line":70,"column":4},"end":{"line":70,"column":39}},"17":{"start":{"line":76,"column":19},"end":{"line":78,"column":22}},"18":{"start":{"line":80,"column":4},"end":{"line":80,"column":34}},"19":{"start":{"line":86,"column":19},"end":{"line":90,"column":16}},"20":{"start":{"line":91,"column":4},"end":{"line":91,"column":37}},"21":{"start":{"line":97,"column":19},"end":{"line":99,"column":26}},"22":{"start":{"line":101,"column":4},"end":{"line":101,"column":32}},"23":{"start":{"line":107,"column":19},"end":{"line":111,"column":16}},"24":{"start":{"line":112,"column":4},"end":{"line":112,"column":41}},"25":{"start":{"line":118,"column":19},"end":{"line":120,"column":32}},"26":{"start":{"line":122,"column":4},"end":{"line":122,"column":36}},"27":{"start":{"line":128,"column":19},"end":{"line":132,"column":16}},"28":{"start":{"line":133,"column":4},"end":{"line":133,"column":45}},"29":{"start":{"line":139,"column":19},"end":{"line":141,"column":31}},"30":{"start":{"line":143,"column":4},"end":{"line":143,"column":40}},"31":{"start":{"line":152,"column":4},"end":{"line":173,"column":5}},"32":{"start":{"line":154,"column":27},"end":{"line":162,"column":32}},"33":{"start":{"line":165,"column":28},"end":{"line":167,"column":20}},"34":{"start":{"line":169,"column":8},"end":{"line":169,"column":54}},"35":{"start":{"line":171,"column":8},"end":{"line":171,"column":59}},"36":{"start":{"line":172,"column":8},"end":{"line":172,"column":20}},"37":{"start":{"line":180,"column":4},"end":{"line":194,"column":5}},"38":{"start":{"line":181,"column":28},"end":{"line":186,"column":14}},"39":{"start":{"line":188,"column":8},"end":{"line":188,"column":91}},"40":{"start":{"line":192,"column":8},"end":{"line":192,"column":56}},"41":{"start":{"line":193,"column":8},"end":{"line":193,"column":20}},"42":{"start":{"line":199,"column":4},"end":{"line":209,"column":5}},"43":{"start":{"line":200,"column":32},"end":{"line":204,"column":18}},"44":{"start":{"line":206,"column":8},"end":{"line":206,"column":163}},"45":{"start":{"line":208,"column":8},"end":{"line":208,"column":80}},"46":{"start":{"line":216,"column":19},"end":{"line":220,"column":16}},"47":{"start":{"line":221,"column":4},"end":{"line":221,"column":42}},"48":{"start":{"line":227,"column":19},"end":{"line":229,"column":31}},"49":{"start":{"line":231,"column":4},"end":{"line":231,"column":37}},"50":{"start":{"line":239,"column":18},"end":{"line":239,"column":73}},"51":{"start":{"line":241,"column":34},"end":{"line":262,"column":51}},"52":{"start":{"line":264,"column":4},"end":{"line":264,"column":33}},"53":{"start":{"line":269,"column":26},"end":{"line":274,"column":50}},"54":{"start":{"line":276,"column":4},"end":{"line":276,"column":25}}},"fnMap":{"0":{"name":"getStudySpaceById","decl":{"start":{"line":64,"column":22},"end":{"line":64,"column":39}},"loc":{"start":{"line":64,"column":60},"end":{"line":72,"column":null}}},"1":{"name":"getAllStudySpaces","decl":{"start":{"line":75,"column":22},"end":{"line":75,"column":39}},"loc":{"start":{"line":75,"column":48},"end":{"line":81,"column":null}}},"2":{"name":"getBuildingById","decl":{"start":{"line":85,"column":22},"end":{"line":85,"column":37}},"loc":{"start":{"line":85,"column":58},"end":{"line":93,"column":null}}},"3":{"name":"getAllBuildings","decl":{"start":{"line":96,"column":22},"end":{"line":96,"column":37}},"loc":{"start":{"line":96,"column":46},"end":{"line":102,"column":null}}},"4":{"name":"getBuildingRoomById","decl":{"start":{"line":106,"column":22},"end":{"line":106,"column":41}},"loc":{"start":{"line":106,"column":62},"end":{"line":114,"column":null}}},"5":{"name":"getAllBuildingRooms","decl":{"start":{"line":117,"column":22},"end":{"line":117,"column":41}},"loc":{"start":{"line":117,"column":50},"end":{"line":123,"column":null}}},"6":{"name":"getOccupiedSpaceLogById","decl":{"start":{"line":127,"column":22},"end":{"line":127,"column":45}},"loc":{"start":{"line":127,"column":66},"end":{"line":135,"column":null}}},"7":{"name":"getAllOccupancyLog","decl":{"start":{"line":138,"column":22},"end":{"line":138,"column":40}},"loc":{"start":{"line":138,"column":49},"end":{"line":144,"column":null}}},"8":{"name":"createOccupiedSpaceLog","decl":{"start":{"line":147,"column":22},"end":{"line":147,"column":44}},"loc":{"start":{"line":151,"column":1},"end":{"line":174,"column":null}}},"9":{"name":"updateOccupiedSpaceLog","decl":{"start":{"line":177,"column":22},"end":{"line":177,"column":44}},"loc":{"start":{"line":179,"column":1},"end":{"line":195,"column":null}}},"10":{"name":"deleteOccupiedSpaceLog","decl":{"start":{"line":198,"column":22},"end":{"line":198,"column":44}},"loc":{"start":{"line":198,"column":65},"end":{"line":210,"column":null}}},"11":{"name":"getBuildingHourById","decl":{"start":{"line":215,"column":22},"end":{"line":215,"column":41}},"loc":{"start":{"line":215,"column":62},"end":{"line":223,"column":null}}},"12":{"name":"getAllBuildingHours","decl":{"start":{"line":226,"column":22},"end":{"line":226,"column":41}},"loc":{"start":{"line":226,"column":50},"end":{"line":232,"column":null}}},"13":{"name":"getAllRoomsWithBuildingInfo","decl":{"start":{"line":236,"column":22},"end":{"line":236,"column":49}},"loc":{"start":{"line":236,"column":58},"end":{"line":265,"column":null}}},"14":{"name":"getOccupiedRooms","decl":{"start":{"line":268,"column":22},"end":{"line":268,"column":38}},"loc":{"start":{"line":268,"column":47},"end":{"line":277,"column":null}}}},"branchMap":{"0":{"loc":{"start":{"line":158,"column":31},"end":{"line":158,"column":126}},"type":"cond-expr","locations":[{"start":{"line":158,"column":52},"end":{"line":158,"column":119}},{"start":{"line":158,"column":122},"end":{"line":158,"column":126}}]},"1":{"loc":{"start":{"line":184,"column":31},"end":{"line":184,"column":126}},"type":"cond-expr","locations":[{"start":{"line":184,"column":52},"end":{"line":184,"column":119}},{"start":{"line":184,"column":122},"end":{"line":184,"column":126}}]},"2":{"loc":{"start":{"line":188,"column":15},"end":{"line":188,"column":90}},"type":"cond-expr","locations":[{"start":{"line":188,"column":29},"end":{"line":188,"column":83}},{"start":{"line":188,"column":86},"end":{"line":188,"column":90}}]},"3":{"loc":{"start":{"line":206,"column":15},"end":{"line":206,"column":162}},"type":"cond-expr","locations":[{"start":{"line":206,"column":33},"end":{"line":206,"column":102}},{"start":{"line":206,"column":105},"end":{"line":206,"column":162}}]}},"s":{"0":1,"1":1,"2":1,"3":1,"4":1,"5":1,"6":1,"7":1,"8":1,"9":1,"10":1,"11":1,"12":1,"13":1,"14":1,"15":0,"16":0,"17":0,"18":0,"19":1,"20":1,"21":1,"22":1,"23":0,"24":0,"25":0,"26":0,"27":0,"28":0,"29":0,"30":0,"31":0,"32":0,"33":0,"34":0,"35":0,"36":0,"37":0,"38":0,"39":0,"40":0,"41":0,"42":0,"43":0,"44":0,"45":0,"46":0,"47":0,"48":0,"49":0,"50":0,"51":0,"52":0,"53":0,"54":0},"f":{"0":0,"1":0,"2":1,"3":1,"4":0,"5":0,"6":0,"7":0,"8":0,"9":0,"10":0,"11":0,"12":0,"13":0,"14":0},"b":{"0":[0,0],"1":[0,0],"2":[0,0],"3":[0,0]}}
,"/home/sneek-walnut/available-study-space-system/backend/src/study-space/handlers.ts": {"path":"/home/sneek-walnut/available-study-space-system/backend/src/study-space/handlers.ts","statementMap":{"0":{"start":{"line":24,"column":0},"end":{"line":24,"column":16}},"1":{"start":{"line":46,"column":0},"end":{"line":46,"column":16}},"2":{"start":{"line":69,"column":0},"end":{"line":69,"column":16}},"3":{"start":{"line":92,"column":0},"end":{"line":92,"column":16}},"4":{"start":{"line":212,"column":0},"end":{"line":212,"column":16}},"5":{"start":{"line":235,"column":0},"end":{"line":235,"column":16}},"6":{"start":{"line":257,"column":0},"end":{"line":257,"column":16}},"7":{"start":{"line":10,"column":0},"end":{"line":10,"column":40}},"8":{"start":{"line":11,"column":0},"end":{"line":11,"column":24}},"9":{"start":{"line":12,"column":0},"end":{"line":12,"column":342}},"10":{"start":{"line":13,"column":0},"end":{"line":13,"column":38}},"11":{"start":{"line":15,"column":27},"end":{"line":15,"column":45}},"12":{"start":{"line":18,"column":22},"end":{"line":20,"column":2}},"13":{"start":{"line":25,"column":4},"end":{"line":33,"column":11}},"14":{"start":{"line":30,"column":27},"end":{"line":33,"column":10}},"15":{"start":{"line":31,"column":22},"end":{"line":31,"column":79}},"16":{"start":{"line":32,"column":12},"end":{"line":32,"column":24}},"17":{"start":{"line":35,"column":4},"end":{"line":41,"column":null}},"18":{"start":{"line":37,"column":27},"end":{"line":41,"column":10}},"19":{"start":{"line":38,"column":22},"end":{"line":38,"column":64}},"20":{"start":{"line":40,"column":12},"end":{"line":40,"column":24}},"21":{"start":{"line":47,"column":4},"end":{"line":55,"column":11}},"22":{"start":{"line":52,"column":27},"end":{"line":55,"column":10}},"23":{"start":{"line":53,"column":22},"end":{"line":53,"column":77}},"24":{"start":{"line":54,"column":12},"end":{"line":54,"column":24}},"25":{"start":{"line":57,"column":4},"end":{"line":63,"column":null}},"26":{"start":{"line":59,"column":27},"end":{"line":63,"column":10}},"27":{"start":{"line":60,"column":22},"end":{"line":60,"column":62}},"28":{"start":{"line":62,"column":12},"end":{"line":62,"column":24}},"29":{"start":{"line":70,"column":4},"end":{"line":78,"column":11}},"30":{"start":{"line":75,"column":27},"end":{"line":78,"column":10}},"31":{"start":{"line":76,"column":22},"end":{"line":76,"column":81}},"32":{"start":{"line":77,"column":12},"end":{"line":77,"column":24}},"33":{"start":{"line":80,"column":4},"end":{"line":86,"column":null}},"34":{"start":{"line":82,"column":27},"end":{"line":86,"column":10}},"35":{"start":{"line":83,"column":22},"end":{"line":83,"column":66}},"36":{"start":{"line":85,"column":12},"end":{"line":85,"column":24}},"37":{"start":{"line":93,"column":4},"end":{"line":101,"column":11}},"38":{"start":{"line":98,"column":27},"end":{"line":101,"column":10}},"39":{"start":{"line":99,"column":22},"end":{"line":99,"column":85}},"40":{"start":{"line":100,"column":12},"end":{"line":100,"column":24}},"41":{"start":{"line":103,"column":4},"end":{"line":109,"column":null}},"42":{"start":{"line":105,"column":27},"end":{"line":109,"column":10}},"43":{"start":{"line":106,"column":22},"end":{"line":106,"column":65}},"44":{"start":{"line":108,"column":12},"end":{"line":108,"column":24}},"45":{"start":{"line":114,"column":4},"end":{"line":150,"column":6}},"46":{"start":{"line":123,"column":27},"end":{"line":149,"column":null}},"47":{"start":{"line":124,"column":23},"end":{"line":124,"column":40}},"48":{"start":{"line":127,"column":12},"end":{"line":147,"column":13}},"49":{"start":{"line":129,"column":36},"end":{"line":133,"column":18}},"50":{"start":{"line":135,"column":16},"end":{"line":138,"column":17}},"51":{"start":{"line":136,"column":20},"end":{"line":136,"column":93}},"52":{"start":{"line":137,"column":20},"end":{"line":137,"column":27}},"53":{"start":{"line":141,"column":16},"end":{"line":141,"column":58}},"54":{"start":{"line":142,"column":16},"end":{"line":142,"column":50}},"55":{"start":{"line":145,"column":16},"end":{"line":145,"column":70}},"56":{"start":{"line":146,"column":16},"end":{"line":146,"column":105}},"57":{"start":{"line":155,"column":4},"end":{"line":185,"column":6}},"58":{"start":{"line":163,"column":27},"end":{"line":184,"column":null}},"59":{"start":{"line":164,"column":23},"end":{"line":164,"column":40}},"60":{"start":{"line":166,"column":12},"end":{"line":183,"column":13}},"61":{"start":{"line":167,"column":40},"end":{"line":169,"column":18}},"62":{"start":{"line":171,"column":16},"end":{"line":174,"column":17}},"63":{"start":{"line":172,"column":20},"end":{"line":172,"column":93}},"64":{"start":{"line":173,"column":20},"end":{"line":173,"column":27}},"65":{"start":{"line":177,"column":16},"end":{"line":177,"column":58}},"66":{"start":{"line":178,"column":16},"end":{"line":178,"column":54}},"67":{"start":{"line":181,"column":16},"end":{"line":181,"column":70}},"68":{"start":{"line":182,"column":16},"end":{"line":182,"column":103}},"69":{"start":{"line":188,"column":4},"end":{"line":205,"column":6}},"70":{"start":{"line":193,"column":27},"end":{"line":204,"column":null}},"71":{"start":{"line":194,"column":23},"end":{"line":194,"column":40}},"72":{"start":{"line":196,"column":27},"end":{"line":196,"column":74}},"73":{"start":{"line":198,"column":12},"end":{"line":203,"column":13}},"74":{"start":{"line":199,"column":16},"end":{"line":199,"column":58}},"75":{"start":{"line":200,"column":16},"end":{"line":200,"column":33}},"76":{"start":{"line":202,"column":16},"end":{"line":202,"column":107}},"77":{"start":{"line":213,"column":4},"end":{"line":221,"column":11}},"78":{"start":{"line":218,"column":27},"end":{"line":221,"column":10}},"79":{"start":{"line":219,"column":22},"end":{"line":219,"column":81}},"80":{"start":{"line":220,"column":12},"end":{"line":220,"column":24}},"81":{"start":{"line":223,"column":4},"end":{"line":229,"column":null}},"82":{"start":{"line":225,"column":27},"end":{"line":229,"column":10}},"83":{"start":{"line":226,"column":22},"end":{"line":226,"column":66}},"84":{"start":{"line":228,"column":12},"end":{"line":228,"column":24}},"85":{"start":{"line":236,"column":4},"end":{"line":250,"column":6}},"86":{"start":{"line":238,"column":27},"end":{"line":249,"column":null}},"87":{"start":{"line":239,"column":23},"end":{"line":239,"column":40}},"88":{"start":{"line":241,"column":12},"end":{"line":248,"column":13}},"89":{"start":{"line":243,"column":36},"end":{"line":243,"column":73}},"90":{"start":{"line":244,"column":16},"end":{"line":244,"column":50}},"91":{"start":{"line":246,"column":16},"end":{"line":246,"column":95}},"92":{"start":{"line":247,"column":16},"end":{"line":247,"column":106}},"93":{"start":{"line":255,"column":26},"end":{"line":255,"column":28}},"94":{"start":{"line":258,"column":4},"end":{"line":283,"column":7}},"95":{"start":{"line":258,"column":55},"end":{"line":283,"column":6}},"96":{"start":{"line":259,"column":8},"end":{"line":259,"column":59}},"97":{"start":{"line":260,"column":8},"end":{"line":260,"column":51}},"98":{"start":{"line":261,"column":8},"end":{"line":261,"column":50}},"99":{"start":{"line":264,"column":8},"end":{"line":271,"column":9}},"100":{"start":{"line":265,"column":23},"end":{"line":265,"column":40}},"101":{"start":{"line":266,"column":34},"end":{"line":266,"column":60}},"102":{"start":{"line":267,"column":12},"end":{"line":267,"column":68}},"103":{"start":{"line":269,"column":12},"end":{"line":269,"column":75}},"104":{"start":{"line":270,"column":12},"end":{"line":270,"column":106}},"105":{"start":{"line":274,"column":8},"end":{"line":274,"column":29}},"106":{"start":{"line":277,"column":8},"end":{"line":282,"column":11}},"107":{"start":{"line":278,"column":26},"end":{"line":278,"column":49}},"108":{"start":{"line":279,"column":12},"end":{"line":281,"column":13}},"109":{"start":{"line":280,"column":16},"end":{"line":280,"column":44}},"110":{"start":{"line":286,"column":4},"end":{"line":298,"column":7}},"111":{"start":{"line":286,"column":53},"end":{"line":298,"column":6}},"112":{"start":{"line":287,"column":8},"end":{"line":297,"column":9}},"113":{"start":{"line":289,"column":34},"end":{"line":289,"column":60}},"114":{"start":{"line":292,"column":12},"end":{"line":294,"column":15}},"115":{"start":{"line":293,"column":16},"end":{"line":293,"column":75}},"116":{"start":{"line":296,"column":12},"end":{"line":296,"column":67}}},"fnMap":{"0":{"name":"studySpaceHandlers","decl":{"start":{"line":24,"column":16},"end":{"line":24,"column":34}},"loc":{"start":{"line":24,"column":45},"end":{"line":43,"column":1}}},"1":{"name":"(anonymous_9)","decl":{"start":{"line":30,"column":8},"end":{"line":30,"column":15}},"loc":{"start":{"line":30,"column":27},"end":{"line":33,"column":10}}},"2":{"name":"(anonymous_10)","decl":{"start":{"line":30,"column":27},"end":{"line":30,"column":null}},"loc":{"start":{"line":30,"column":27},"end":{"line":33,"column":9}}},"3":{"name":"(anonymous_11)","decl":{"start":{"line":37,"column":8},"end":{"line":37,"column":15}},"loc":{"start":{"line":37,"column":27},"end":{"line":41,"column":10}}},"4":{"name":"(anonymous_12)","decl":{"start":{"line":37,"column":27},"end":{"line":37,"column":null}},"loc":{"start":{"line":37,"column":27},"end":{"line":41,"column":9}}},"5":{"name":"buildingHandlers","decl":{"start":{"line":46,"column":16},"end":{"line":46,"column":32}},"loc":{"start":{"line":46,"column":43},"end":{"line":66,"column":1}}},"6":{"name":"(anonymous_14)","decl":{"start":{"line":52,"column":8},"end":{"line":52,"column":15}},"loc":{"start":{"line":52,"column":27},"end":{"line":55,"column":10}}},"7":{"name":"(anonymous_15)","decl":{"start":{"line":52,"column":27},"end":{"line":52,"column":null}},"loc":{"start":{"line":52,"column":27},"end":{"line":55,"column":9}}},"8":{"name":"(anonymous_16)","decl":{"start":{"line":59,"column":8},"end":{"line":59,"column":15}},"loc":{"start":{"line":59,"column":27},"end":{"line":63,"column":10}}},"9":{"name":"(anonymous_17)","decl":{"start":{"line":59,"column":27},"end":{"line":59,"column":null}},"loc":{"start":{"line":59,"column":27},"end":{"line":63,"column":9}}},"10":{"name":"buildingRoomHandlers","decl":{"start":{"line":69,"column":16},"end":{"line":69,"column":36}},"loc":{"start":{"line":69,"column":47},"end":{"line":89,"column":1}}},"11":{"name":"(anonymous_19)","decl":{"start":{"line":75,"column":8},"end":{"line":75,"column":15}},"loc":{"start":{"line":75,"column":27},"end":{"line":78,"column":10}}},"12":{"name":"(anonymous_20)","decl":{"start":{"line":75,"column":27},"end":{"line":75,"column":null}},"loc":{"start":{"line":75,"column":27},"end":{"line":78,"column":9}}},"13":{"name":"(anonymous_21)","decl":{"start":{"line":82,"column":8},"end":{"line":82,"column":15}},"loc":{"start":{"line":82,"column":27},"end":{"line":86,"column":10}}},"14":{"name":"(anonymous_22)","decl":{"start":{"line":82,"column":27},"end":{"line":82,"column":null}},"loc":{"start":{"line":82,"column":27},"end":{"line":86,"column":9}}},"15":{"name":"occupiedSpaceLogHandlers","decl":{"start":{"line":92,"column":16},"end":{"line":92,"column":40}},"loc":{"start":{"line":92,"column":51},"end":{"line":208,"column":1}}},"16":{"name":"(anonymous_24)","decl":{"start":{"line":98,"column":8},"end":{"line":98,"column":15}},"loc":{"start":{"line":98,"column":27},"end":{"line":101,"column":10}}},"17":{"name":"(anonymous_25)","decl":{"start":{"line":98,"column":27},"end":{"line":98,"column":null}},"loc":{"start":{"line":98,"column":27},"end":{"line":101,"column":9}}},"18":{"name":"(anonymous_26)","decl":{"start":{"line":105,"column":8},"end":{"line":105,"column":15}},"loc":{"start":{"line":105,"column":27},"end":{"line":109,"column":10}}},"19":{"name":"(anonymous_27)","decl":{"start":{"line":105,"column":27},"end":{"line":105,"column":null}},"loc":{"start":{"line":105,"column":27},"end":{"line":109,"column":9}}},"20":{"name":"(anonymous_28)","decl":{"start":{"line":123,"column":8},"end":{"line":123,"column":15}},"loc":{"start":{"line":123,"column":27},"end":{"line":149,"column":null}}},"21":{"name":"(anonymous_29)","decl":{"start":{"line":123,"column":27},"end":{"line":123,"column":null}},"loc":{"start":{"line":123,"column":27},"end":{"line":149,"column":9}}},"22":{"name":"(anonymous_30)","decl":{"start":{"line":163,"column":8},"end":{"line":163,"column":15}},"loc":{"start":{"line":163,"column":27},"end":{"line":184,"column":null}}},"23":{"name":"(anonymous_31)","decl":{"start":{"line":163,"column":27},"end":{"line":163,"column":null}},"loc":{"start":{"line":163,"column":27},"end":{"line":184,"column":9}}},"24":{"name":"(anonymous_32)","decl":{"start":{"line":193,"column":8},"end":{"line":193,"column":15}},"loc":{"start":{"line":193,"column":27},"end":{"line":204,"column":null}}},"25":{"name":"(anonymous_33)","decl":{"start":{"line":193,"column":27},"end":{"line":193,"column":null}},"loc":{"start":{"line":193,"column":27},"end":{"line":204,"column":9}}},"26":{"name":"buildingHoursHandlers","decl":{"start":{"line":212,"column":16},"end":{"line":212,"column":37}},"loc":{"start":{"line":212,"column":48},"end":{"line":232,"column":1}}},"27":{"name":"(anonymous_35)","decl":{"start":{"line":218,"column":8},"end":{"line":218,"column":15}},"loc":{"start":{"line":218,"column":27},"end":{"line":221,"column":10}}},"28":{"name":"(anonymous_36)","decl":{"start":{"line":218,"column":27},"end":{"line":218,"column":null}},"loc":{"start":{"line":218,"column":27},"end":{"line":221,"column":9}}},"29":{"name":"(anonymous_37)","decl":{"start":{"line":225,"column":8},"end":{"line":225,"column":15}},"loc":{"start":{"line":225,"column":27},"end":{"line":229,"column":10}}},"30":{"name":"(anonymous_38)","decl":{"start":{"line":225,"column":27},"end":{"line":225,"column":null}},"loc":{"start":{"line":225,"column":27},"end":{"line":229,"column":9}}},"31":{"name":"allRoomWithBuildingInfoHandlers","decl":{"start":{"line":235,"column":16},"end":{"line":235,"column":47}},"loc":{"start":{"line":235,"column":58},"end":{"line":251,"column":1}}},"32":{"name":"(anonymous_40)","decl":{"start":{"line":238,"column":8},"end":{"line":238,"column":15}},"loc":{"start":{"line":238,"column":27},"end":{"line":249,"column":null}}},"33":{"name":"(anonymous_41)","decl":{"start":{"line":238,"column":27},"end":{"line":238,"column":null}},"loc":{"start":{"line":238,"column":27},"end":{"line":249,"column":9}}},"34":{"name":"occupiedRoomsSSEHandler","decl":{"start":{"line":257,"column":16},"end":{"line":257,"column":39}},"loc":{"start":{"line":257,"column":50},"end":{"line":299,"column":1}}},"35":{"name":"(anonymous_43)","decl":{"start":{"line":258,"column":36},"end":{"line":258,"column":43}},"loc":{"start":{"line":258,"column":55},"end":{"line":283,"column":6}}},"36":{"name":"(anonymous_44)","decl":{"start":{"line":258,"column":55},"end":{"line":258,"column":null}},"loc":{"start":{"line":258,"column":55},"end":{"line":283,"column":5}}},"37":{"name":"(anonymous_45)","decl":{"start":{"line":277,"column":24},"end":{"line":277,"column":27}},"loc":{"start":{"line":277,"column":29},"end":{"line":282,"column":9}}},"38":{"name":"(anonymous_46)","decl":{"start":{"line":286,"column":40},"end":{"line":286,"column":47}},"loc":{"start":{"line":286,"column":53},"end":{"line":298,"column":6}}},"39":{"name":"(anonymous_47)","decl":{"start":{"line":286,"column":53},"end":{"line":286,"column":null}},"loc":{"start":{"line":286,"column":53},"end":{"line":298,"column":5}}},"40":{"name":"(anonymous_48)","decl":{"start":{"line":292,"column":31},"end":{"line":292,"column":32}},"loc":{"start":{"line":292,"column":42},"end":{"line":294,"column":13}}}},"branchMap":{"0":{"loc":{"start":{"line":132,"column":35},"end":{"line":132,"column":99}},"type":"cond-expr","locations":[{"start":{"line":132,"column":60},"end":{"line":132,"column":92}},{"start":{"line":132,"column":95},"end":{"line":132,"column":99}}]},"1":{"loc":{"start":{"line":135,"column":16},"end":{"line":138,"column":17}},"type":"if","locations":[{"start":{"line":135,"column":16},"end":{"line":138,"column":17}}]},"2":{"loc":{"start":{"line":168,"column":35},"end":{"line":168,"column":99}},"type":"cond-expr","locations":[{"start":{"line":168,"column":60},"end":{"line":168,"column":92}},{"start":{"line":168,"column":95},"end":{"line":168,"column":99}}]},"3":{"loc":{"start":{"line":171,"column":16},"end":{"line":174,"column":17}},"type":"if","locations":[{"start":{"line":171,"column":16},"end":{"line":174,"column":17}}]},"4":{"loc":{"start":{"line":198,"column":12},"end":{"line":203,"column":13}},"type":"if","locations":[{"start":{"line":198,"column":12},"end":{"line":203,"column":13}},{"start":{"line":201,"column":19},"end":{"line":203,"column":13}}]},"5":{"loc":{"start":{"line":202,"column":27},"end":{"line":202,"column":92}},"type":"cond-expr","locations":[{"start":{"line":202,"column":83},"end":{"line":202,"column":86}},{"start":{"line":202,"column":89},"end":{"line":202,"column":92}}]},"6":{"loc":{"start":{"line":279,"column":12},"end":{"line":281,"column":13}},"type":"if","locations":[{"start":{"line":279,"column":12},"end":{"line":281,"column":13}}]}},"s":{"0":1,"1":1,"2":1,"3":1,"4":1,"5":1,"6":1,"7":1,"8":1,"9":1,"10":1,"11":1,"12":1,"13":1,"14":0,"15":0,"16":0,"17":1,"18":0,"19":0,"20":0,"21":1,"22":1,"23":1,"24":1,"25":1,"26":1,"27":1,"28":1,"29":1,"30":0,"31":0,"32":0,"33":1,"34":0,"35":0,"36":0,"37":1,"38":0,"39":0,"40":0,"41":1,"42":0,"43":0,"44":0,"45":1,"46":0,"47":0,"48":0,"49":0,"50":0,"51":0,"52":0,"53":0,"54":0,"55":0,"56":0,"57":1,"58":0,"59":0,"60":0,"61":0,"62":0,"63":0,"64":0,"65":0,"66":0,"67":0,"68":0,"69":1,"70":0,"71":0,"72":0,"73":0,"74":0,"75":0,"76":0,"77":1,"78":0,"79":0,"80":0,"81":1,"82":0,"83":0,"84":0,"85":1,"86":0,"87":0,"88":0,"89":0,"90":0,"91":0,"92":0,"93":1,"94":1,"95":0,"96":0,"97":0,"98":0,"99":0,"100":0,"101":0,"102":0,"103":0,"104":0,"105":0,"106":0,"107":0,"108":0,"109":0,"110":1,"111":0,"112":0,"113":0,"114":0,"115":0,"116":0},"f":{"0":1,"1":0,"2":0,"3":0,"4":0,"5":1,"6":1,"7":1,"8":1,"9":1,"10":1,"11":0,"12":0,"13":0,"14":0,"15":1,"16":0,"17":0,"18":0,"19":0,"20":0,"21":0,"22":0,"23":0,"24":0,"25":0,"26":1,"27":0,"28":0,"29":0,"30":0,"31":1,"32":0,"33":0,"34":1,"35":0,"36":0,"37":0,"38":0,"39":0,"40":0},"b":{"0":[0,0],"1":[0],"2":[0,0],"3":[0],"4":[0,0],"5":[0,0],"6":[0]}}
}
