TN:
SF:migrations/20250404002215_create_rooms_table.ts
FN:10,up
FN:11,(anonymous_9)
FN:28,down
FNF:3
FNH:2
FNDA:1,up
FNDA:1,(anonymous_9)
FNDA:0,down
DA:10,1
DA:11,1
DA:12,1
DA:13,1
DA:14,1
DA:15,1
DA:16,1
DA:17,1
DA:18,1
DA:19,1
DA:28,1
DA:29,0
LF:12
LH:11
BRF:0
BRH:0
end_of_record
TN:
SF:migrations/20250409011956_create_buildings_table.ts
FN:9,up
FN:10,(anonymous_9)
FN:26,down
FNF:3
FNH:2
FNDA:1,up
FNDA:1,(anonymous_9)
FNDA:0,down
DA:9,1
DA:10,1
DA:11,1
DA:12,1
DA:13,1
DA:14,1
DA:26,1
DA:27,0
LF:8
LH:7
BRF:0
BRH:0
end_of_record
TN:
SF:migrations/20250411210857_create_buildings_rooms_table.ts
FN:9,up
FN:10,(anonymous_9)
FN:30,down
FNF:3
FNH:2
FNDA:1,up
FNDA:1,(anonymous_9)
FNDA:0,down
DA:9,1
DA:10,1
DA:11,1
DA:12,1
DA:13,1
DA:16,1
DA:17,1
DA:19,1
DA:20,1
DA:30,1
DA:31,0
LF:11
LH:10
BRF:0
BRH:0
end_of_record
TN:
SF:migrations/20250411224746_create_occupancy_logs_table.ts
FN:9,up
FN:10,(anonymous_9)
FN:29,down
FNF:3
FNH:2
FNDA:1,up
FNDA:1,(anonymous_9)
FNDA:0,down
DA:9,1
DA:10,1
DA:11,1
DA:12,1
DA:13,1
DA:14,1
DA:17,1
DA:19,1
DA:20,1
DA:29,1
DA:30,0
LF:11
LH:10
BRF:0
BRH:0
end_of_record
TN:
SF:migrations/20250414233800_create_building_hours_table.ts
FN:9,up
FN:10,(anonymous_9)
FN:31,down
FNF:3
FNH:2
FNDA:1,up
FNDA:1,(anonymous_9)
FNDA:0,down
DA:9,1
DA:10,1
DA:11,1
DA:12,1
DA:13,1
DA:14,1
DA:15,1
DA:18,1
DA:20,1
DA:21,1
DA:31,1
DA:32,0
LF:12
LH:11
BRF:0
BRH:0
end_of_record
TN:
SF:migrations/20250502030044_add_room_pic_urls_to_rooms_table.ts
FN:8,up
FN:9,(anonymous_9)
FN:16,down
FN:17,(anonymous_12)
FNF:4
FNH:2
FNDA:1,up
FNDA:1,(anonymous_9)
FNDA:0,down
FNDA:0,(anonymous_12)
DA:8,1
DA:9,1
DA:10,1
DA:11,1
DA:12,1
DA:16,1
DA:17,0
DA:18,0
DA:19,0
DA:20,0
LF:10
LH:6
BRF:0
BRH:0
end_of_record
TN:
SF:seeds/seed_test_data.ts
FN:7,seed
FN:324,(anonymous_9)
FNF:2
FNH:2
FNDA:1,seed
FNDA:13,(anonymous_9)
DA:7,1
DA:9,1
DA:10,1
DA:11,1
DA:12,1
DA:13,1
DA:16,1
DA:165,1
DA:167,3
DA:168,3
DA:174,3
DA:176,13
DA:177,13
DA:183,13
DA:194,1
DA:234,1
DA:236,3
DA:242,3
DA:243,21
DA:255,1
DA:313,1
DA:323,1
DA:324,1
DA:325,13
DA:329,1
DA:330,9
DA:332,9
DA:333,9
DA:339,0
LF:29
LH:28
BRDA:332,0,0,9
BRDA:332,0,1,0
BRF:2
BRH:1
end_of_record
TN:
SF:src/study-space/db.ts
FN:64,getStudySpaceById
FN:75,getAllStudySpaces
FN:85,getBuildingById
FN:96,getAllBuildings
FN:106,getBuildingRoomById
FN:117,getAllBuildingRooms
FN:127,getOccupiedSpaceLogById
FN:138,getAllOccupancyLog
FN:147,createOccupiedSpaceLog
FN:177,updateOccupiedSpaceLog
FN:198,deleteOccupiedSpaceLog
FN:215,getBuildingHourById
FN:226,getAllBuildingHours
FN:236,getAllRoomsWithBuildingInfo
FN:268,getOccupiedRooms
FNF:15
FNH:2
FNDA:0,getStudySpaceById
FNDA:0,getAllStudySpaces
FNDA:1,getBuildingById
FNDA:1,getAllBuildings
FNDA:0,getBuildingRoomById
FNDA:0,getAllBuildingRooms
FNDA:0,getOccupiedSpaceLogById
FNDA:0,getAllOccupancyLog
FNDA:0,createOccupiedSpaceLog
FNDA:0,updateOccupiedSpaceLog
FNDA:0,deleteOccupiedSpaceLog
FNDA:0,getBuildingHourById
FNDA:0,getAllBuildingHours
FNDA:0,getAllRoomsWithBuildingInfo
FNDA:0,getOccupiedRooms
DA:64,1
DA:65,0
DA:70,0
DA:75,1
DA:76,0
DA:80,0
DA:85,1
DA:86,1
DA:91,1
DA:96,1
DA:97,1
DA:101,1
DA:106,1
DA:107,0
DA:112,0
DA:117,1
DA:118,0
DA:122,0
DA:127,1
DA:128,0
DA:133,0
DA:138,1
DA:139,0
DA:143,0
DA:147,1
DA:152,0
DA:154,0
DA:165,0
DA:169,0
DA:171,0
DA:172,0
DA:177,1
DA:180,0
DA:181,0
DA:188,0
DA:192,0
DA:193,0
DA:198,1
DA:199,0
DA:200,0
DA:206,0
DA:208,0
DA:215,1
DA:216,0
DA:221,0
DA:226,1
DA:227,0
DA:231,0
DA:236,1
DA:239,0
DA:241,0
DA:264,0
DA:268,1
DA:269,0
DA:276,0
LF:55
LH:19
BRDA:158,0,0,0
BRDA:158,0,1,0
BRDA:184,1,0,0
BRDA:184,1,1,0
BRDA:188,2,0,0
BRDA:188,2,1,0
BRDA:206,3,0,0
BRDA:206,3,1,0
BRF:8
BRH:0
end_of_record
TN:
SF:src/study-space/handlers.ts
FN:24,studySpaceHandlers
FN:30,(anonymous_9)
FN:30,(anonymous_10)
FN:37,(anonymous_11)
FN:37,(anonymous_12)
FN:46,buildingHandlers
FN:52,(anonymous_14)
FN:52,(anonymous_15)
FN:59,(anonymous_16)
FN:59,(anonymous_17)
FN:69,buildingRoomHandlers
FN:75,(anonymous_19)
FN:75,(anonymous_20)
FN:82,(anonymous_21)
FN:82,(anonymous_22)
FN:92,occupiedSpaceLogHandlers
FN:98,(anonymous_24)
FN:98,(anonymous_25)
FN:105,(anonymous_26)
FN:105,(anonymous_27)
FN:123,(anonymous_28)
FN:123,(anonymous_29)
FN:163,(anonymous_30)
FN:163,(anonymous_31)
FN:193,(anonymous_32)
FN:193,(anonymous_33)
FN:212,buildingHoursHandlers
FN:218,(anonymous_35)
FN:218,(anonymous_36)
FN:225,(anonymous_37)
FN:225,(anonymous_38)
FN:235,allRoomWithBuildingInfoHandlers
FN:238,(anonymous_40)
FN:238,(anonymous_41)
FN:257,occupiedRoomsSSEHandler
FN:258,(anonymous_43)
FN:258,(anonymous_44)
FN:277,(anonymous_45)
FN:286,(anonymous_46)
FN:286,(anonymous_47)
FN:292,(anonymous_48)
FNF:41
FNH:11
FNDA:1,studySpaceHandlers
FNDA:0,(anonymous_9)
FNDA:0,(anonymous_10)
FNDA:0,(anonymous_11)
FNDA:0,(anonymous_12)
FNDA:1,buildingHandlers
FNDA:1,(anonymous_14)
FNDA:1,(anonymous_15)
FNDA:1,(anonymous_16)
FNDA:1,(anonymous_17)
FNDA:1,buildingRoomHandlers
FNDA:0,(anonymous_19)
FNDA:0,(anonymous_20)
FNDA:0,(anonymous_21)
FNDA:0,(anonymous_22)
FNDA:1,occupiedSpaceLogHandlers
FNDA:0,(anonymous_24)
FNDA:0,(anonymous_25)
FNDA:0,(anonymous_26)
FNDA:0,(anonymous_27)
FNDA:0,(anonymous_28)
FNDA:0,(anonymous_29)
FNDA:0,(anonymous_30)
FNDA:0,(anonymous_31)
FNDA:0,(anonymous_32)
FNDA:0,(anonymous_33)
FNDA:1,buildingHoursHandlers
FNDA:0,(anonymous_35)
FNDA:0,(anonymous_36)
FNDA:0,(anonymous_37)
FNDA:0,(anonymous_38)
FNDA:1,allRoomWithBuildingInfoHandlers
FNDA:0,(anonymous_40)
FNDA:0,(anonymous_41)
FNDA:1,occupiedRoomsSSEHandler
FNDA:0,(anonymous_43)
FNDA:0,(anonymous_44)
FNDA:0,(anonymous_45)
FNDA:0,(anonymous_46)
FNDA:0,(anonymous_47)
FNDA:0,(anonymous_48)
DA:10,1
DA:11,1
DA:12,1
DA:13,1
DA:15,1
DA:18,1
DA:24,1
DA:25,1
DA:30,0
DA:31,0
DA:32,0
DA:35,1
DA:37,0
DA:38,0
DA:40,0
DA:46,1
DA:47,1
DA:52,1
DA:53,1
DA:54,1
DA:57,1
DA:59,1
DA:60,1
DA:62,1
DA:69,1
DA:70,1
DA:75,0
DA:76,0
DA:77,0
DA:80,1
DA:82,0
DA:83,0
DA:85,0
DA:92,1
DA:93,1
DA:98,0
DA:99,0
DA:100,0
DA:103,1
DA:105,0
DA:106,0
DA:108,0
DA:114,1
DA:123,0
DA:124,0
DA:127,0
DA:129,0
DA:135,0
DA:136,0
DA:137,0
DA:141,0
DA:142,0
DA:145,0
DA:146,0
DA:155,1
DA:163,0
DA:164,0
DA:166,0
DA:167,0
DA:171,0
DA:172,0
DA:173,0
DA:177,0
DA:178,0
DA:181,0
DA:182,0
DA:188,1
DA:193,0
DA:194,0
DA:196,0
DA:198,0
DA:199,0
DA:200,0
DA:202,0
DA:212,1
DA:213,1
DA:218,0
DA:219,0
DA:220,0
DA:223,1
DA:225,0
DA:226,0
DA:228,0
DA:235,1
DA:236,1
DA:238,0
DA:239,0
DA:241,0
DA:243,0
DA:244,0
DA:246,0
DA:247,0
DA:255,1
DA:257,1
DA:258,1
DA:259,0
DA:260,0
DA:261,0
DA:264,0
DA:265,0
DA:266,0
DA:267,0
DA:269,0
DA:270,0
DA:274,0
DA:277,0
DA:278,0
DA:279,0
DA:280,0
DA:286,1
DA:287,0
DA:289,0
DA:292,0
DA:293,0
DA:296,0
LF:115
LH:36
BRDA:132,0,0,0
BRDA:132,0,1,0
BRDA:135,1,0,0
BRDA:168,2,0,0
BRDA:168,2,1,0
BRDA:171,3,0,0
BRDA:198,4,0,0
BRDA:198,4,1,0
BRDA:202,5,0,0
BRDA:202,5,1,0
BRDA:279,6,0,0
BRF:11
BRH:0
end_of_record
